Running: /opt/Xilinx/14.7/ISE_DS/ISE/bin/lin64/unwrapped/fuse -intstyle ise -incremental -lib unisims_ver -lib unimacro_ver -lib xilinxcorelib_ver -o /home/superuser/Workspace/Verilog/AES/AES/TestBench_isim_beh.exe -prj /home/superuser/Workspace/Verilog/AES/AES/TestBench_beh.prj work.TestBench work.glbl 
ISim P.20131013 (signature 0xfbc00daa)
Number of CPUs detected in this system: 4
Turning on mult-threading, number of parallel sub-compilation jobs: 8 
Determining compilation order of HDL files
Analyzing Verilog file "/home/superuser/Workspace/Verilog/AES/AES/Encrypt.v" into library work
Analyzing Verilog file "/home/superuser/Workspace/Verilog/AES/AES/TestBench.v" into library work
Analyzing Verilog file "/opt/Xilinx/14.7/ISE_DS/ISE//verilog/src/glbl.v" into library work
Starting static elaboration
Completed static elaboration
Fuse Memory Usage: 94852 KB
Fuse CPU Usage: 1810 ms
Compiling module Encrypt
Compiling module TestBench
Compiling module glbl
Time Resolution for simulation is 1ps.
Waiting for 1 sub-compilation(s) to finish...
Compiled 3 Verilog Units
Built simulation executable /home/superuser/Workspace/Verilog/AES/AES/TestBench_isim_beh.exe
Fuse Memory Usage: 656796 KB
Fuse CPU Usage: 1880 ms
GCC CPU Usage: 1080 ms
